android/app/build/intermediates/manifest_merge_blame_file/debug/manifest-merger-blame-debug-report.txt
1<?xml version="1.0" encoding="utf-8"?>
2<manifest xmlns:android="http://schemas.android.com/apk/res/android"
3    package="io.ionic.starter"
4    android:versionCode="1"
5    android:versionName="1.0" >
6
7    <uses-sdk
8        android:minSdkVersion="22"
8-->src/main/AndroidManifest.xml
9        android:targetSdkVersion="32" />
9-->src/main/AndroidManifest.xml
10
11    <uses-permission android:name="android.permission.INTERNET" />
11-->src/main/AndroidManifest.xml:14:5-67
11-->src/main/AndroidManifest.xml:14:22-64
12    <uses-permission android:name="android.permission.VIBRATE" />
12-->[:capacitor-haptics] AndroidManifest.xml:7:5-66
12-->[:capacitor-haptics] AndroidManifest.xml:7:22-63
13
14    <application
14-->src/main/AndroidManifest.xml:3:5-13:19
15        android:allowBackup="true"
15-->src/main/AndroidManifest.xml:3:18-44
16        android:appComponentFactory="androidx.core.app.CoreComponentFactory"
16-->[androidx.core:core:1.8.0] AndroidManifest.xml:24:18-86
17        android:debuggable="true"
18        android:icon="@mipmap/ic_launcher"
18-->src/main/AndroidManifest.xml:3:45-79
19        android:label="@string/app_name"
19-->src/main/AndroidManifest.xml:3:80-112
20        android:roundIcon="@mipmap/ic_launcher_round"
20-->src/main/AndroidManifest.xml:3:113-158
21        android:supportsRtl="true"
21-->src/main/AndroidManifest.xml:3:159-185
22        android:theme="@style/AppTheme"
22-->src/main/AndroidManifest.xml:3:186-217
23        android:usesCleartextTraffic="true" >
23-->src/main/AndroidManifest.xml:3:218-253
24        <activity
24-->src/main/AndroidManifest.xml:4:9-9:20
25            android:name="io.ionic.starter.MainActivity"
25-->src/main/AndroidManifest.xml:4:236-280
26            android:configChanges="orientation|keyboardHidden|keyboard|screenSize|locale|smallestScreenSize|screenLayout|uiMode"
26-->src/main/AndroidManifest.xml:4:19-135
27            android:exported="true"
27-->src/main/AndroidManifest.xml:4:136-159
28            android:label="@string/title_activity_main"
28-->src/main/AndroidManifest.xml:4:160-203
29            android:launchMode="singleTask"
29-->src/main/AndroidManifest.xml:4:204-235
30            android:theme="@style/AppTheme.NoActionBarLaunch" >
30-->src/main/AndroidManifest.xml:4:281-330
31            <intent-filter>
31-->src/main/AndroidManifest.xml:5:13-8:29
32                <action android:name="android.intent.action.MAIN" />
32-->src/main/AndroidManifest.xml:6:17-69
32-->src/main/AndroidManifest.xml:6:25-66
33
34                <category android:name="android.intent.category.LAUNCHER" />
34-->src/main/AndroidManifest.xml:7:17-77
34-->src/main/AndroidManifest.xml:7:27-74
35            </intent-filter>
36        </activity>
37
38        <provider
39            android:name="androidx.core.content.FileProvider"
39-->src/main/AndroidManifest.xml:10:131-180
40            android:authorities="io.ionic.starter.fileprovider"
40-->src/main/AndroidManifest.xml:10:19-70
41            android:exported="false"
41-->src/main/AndroidManifest.xml:10:71-95
42            android:grantUriPermissions="true" >
42-->src/main/AndroidManifest.xml:10:96-130
43            <meta-data
43-->src/main/AndroidManifest.xml:11:13-112
44                android:name="android.support.FILE_PROVIDER_PATHS"
44-->src/main/AndroidManifest.xml:11:24-74
45                android:resource="@xml/file_paths" />
45-->src/main/AndroidManifest.xml:11:75-109
46        </provider>
47        <provider
47-->[androidx.emoji2:emoji2:1.0.0] AndroidManifest.xml:26:9-34:20
48            android:name="androidx.startup.InitializationProvider"
48-->[androidx.emoji2:emoji2:1.0.0] AndroidManifest.xml:27:13-67
49            android:authorities="io.ionic.starter.androidx-startup"
49-->[androidx.emoji2:emoji2:1.0.0] AndroidManifest.xml:28:13-68
50            android:exported="false" >
50-->[androidx.emoji2:emoji2:1.0.0] AndroidManifest.xml:29:13-37
51            <meta-data
51-->[androidx.emoji2:emoji2:1.0.0] AndroidManifest.xml:31:13-33:52
52                android:name="androidx.emoji2.text.EmojiCompatInitializer"
52-->[androidx.emoji2:emoji2:1.0.0] AndroidManifest.xml:32:17-75
53                android:value="androidx.startup" />
53-->[androidx.emoji2:emoji2:1.0.0] AndroidManifest.xml:33:17-49
54            <meta-data
54-->[androidx.lifecycle:lifecycle-process:2.4.0] AndroidManifest.xml:31:13-33:52
55                android:name="androidx.lifecycle.ProcessLifecycleInitializer"
55-->[androidx.lifecycle:lifecycle-process:2.4.0] AndroidManifest.xml:32:17-78
56                android:value="androidx.startup" />
56-->[androidx.lifecycle:lifecycle-process:2.4.0] AndroidManifest.xml:33:17-49
57        </provider>
58    </application>
59
60</manifest>